2023-04-04 00:23:03.488 INFO [Test worker] [ru.nsu.ccfit.haskov.operators.operator.OperatorFactory.<init>(OperatorFactory.java:22)] - Loading resource file for Operator factory...
2023-04-04 00:23:03.497 INFO [Test worker] [ru.nsu.ccfit.haskov.operators.operator.OperatorFactory.<init>(OperatorFactory.java:28)] - Start adding operators...
2023-04-04 00:23:03.498 INFO [Test worker] [ru.nsu.ccfit.haskov.operators.operator.OperatorFactory.<init>(OperatorFactory.java:35)] - Class 'POP' added successfully.
2023-04-04 00:23:03.498 INFO [Test worker] [ru.nsu.ccfit.haskov.operators.operator.OperatorFactory.<init>(OperatorFactory.java:28)] - Start adding operators...
2023-04-04 00:23:03.499 INFO [Test worker] [ru.nsu.ccfit.haskov.operators.operator.OperatorFactory.<init>(OperatorFactory.java:35)] - Class 'PUSH' added successfully.
2023-04-04 00:23:03.499 INFO [Test worker] [ru.nsu.ccfit.haskov.operators.operator.OperatorFactory.<init>(OperatorFactory.java:28)] - Start adding operators...
2023-04-04 00:23:03.500 INFO [Test worker] [ru.nsu.ccfit.haskov.operators.operator.OperatorFactory.<init>(OperatorFactory.java:35)] - Class 'DEFINE' added successfully.
2023-04-04 00:23:03.500 INFO [Test worker] [ru.nsu.ccfit.haskov.operators.operator.OperatorFactory.<init>(OperatorFactory.java:28)] - Start adding operators...
2023-04-04 00:23:03.500 INFO [Test worker] [ru.nsu.ccfit.haskov.operators.operator.OperatorFactory.<init>(OperatorFactory.java:35)] - Class '+' added successfully.
2023-04-04 00:23:03.501 INFO [Test worker] [ru.nsu.ccfit.haskov.operators.operator.OperatorFactory.<init>(OperatorFactory.java:28)] - Start adding operators...
2023-04-04 00:23:03.501 INFO [Test worker] [ru.nsu.ccfit.haskov.operators.operator.OperatorFactory.<init>(OperatorFactory.java:35)] - Class '-' added successfully.
2023-04-04 00:23:03.502 INFO [Test worker] [ru.nsu.ccfit.haskov.operators.operator.OperatorFactory.<init>(OperatorFactory.java:28)] - Start adding operators...
2023-04-04 00:23:03.502 INFO [Test worker] [ru.nsu.ccfit.haskov.operators.operator.OperatorFactory.<init>(OperatorFactory.java:35)] - Class '*' added successfully.
2023-04-04 00:23:03.502 INFO [Test worker] [ru.nsu.ccfit.haskov.operators.operator.OperatorFactory.<init>(OperatorFactory.java:28)] - Start adding operators...
2023-04-04 00:23:03.503 INFO [Test worker] [ru.nsu.ccfit.haskov.operators.operator.OperatorFactory.<init>(OperatorFactory.java:35)] - Class '/' added successfully.
2023-04-04 00:23:03.503 INFO [Test worker] [ru.nsu.ccfit.haskov.operators.operator.OperatorFactory.<init>(OperatorFactory.java:28)] - Start adding operators...
2023-04-04 00:23:03.503 INFO [Test worker] [ru.nsu.ccfit.haskov.operators.operator.OperatorFactory.<init>(OperatorFactory.java:35)] - Class 'SQRT' added successfully.
2023-04-04 00:23:03.504 INFO [Test worker] [ru.nsu.ccfit.haskov.operators.operator.OperatorFactory.<init>(OperatorFactory.java:28)] - Start adding operators...
2023-04-04 00:23:03.504 INFO [Test worker] [ru.nsu.ccfit.haskov.operators.operator.OperatorFactory.<init>(OperatorFactory.java:35)] - Class 'PRINT' added successfully.
2023-04-04 00:23:03.504 INFO [Test worker] [ru.nsu.ccfit.haskov.operators.operator.OperatorFactory.<init>(OperatorFactory.java:28)] - Start adding operators...
2023-04-04 00:23:03.505 INFO [Test worker] [ru.nsu.ccfit.haskov.operators.operator.OperatorFactory.<init>(OperatorFactory.java:35)] - Class '#' added successfully.
2023-04-04 00:23:03.505 INFO [Test worker] [ru.nsu.ccfit.haskov.calculator.StackCalculator.<init>(StackCalculator.java:40)] - Initializing reader...
2023-04-04 00:23:03.506 INFO [Test worker] [ru.nsu.ccfit.haskov.calculator.StackCalculator.<init>(StackCalculator.java:43)] - Initializing done.
2023-04-04 00:23:04.493 INFO [Test worker] [ru.nsu.ccfit.haskov.calculator.StackCalculator.run(StackCalculator.java:53)] - Function 'run' was called.
2023-04-04 00:23:04.493 INFO [Test worker] [ru.nsu.ccfit.haskov.calculator.StackCalculator.run(StackCalculator.java:67)] - Getting operator from file...
2023-04-04 00:23:04.494 INFO [Test worker] [ru.nsu.ccfit.haskov.calculator.StackCalculator.run(StackCalculator.java:70)] - ru.nsu.ccfit.haskov.operators.operations.Define was created.
2023-04-04 00:23:04.495 INFO [Test worker] [ru.nsu.ccfit.haskov.calculator.StackCalculator.run(StackCalculator.java:73)] - Setting inputData in ru.nsu.ccfit.haskov.operators.operations.Define
2023-04-04 00:23:04.495 INFO [Test worker] [ru.nsu.ccfit.haskov.calculator.StackCalculator.run(StackCalculator.java:76)] - ru.nsu.ccfit.haskov.operators.operations.Define ran successfully.
2023-04-04 00:23:04.496 INFO [Test worker] [ru.nsu.ccfit.haskov.calculator.StackCalculator.run(StackCalculator.java:67)] - Getting operator from file...
2023-04-04 00:23:04.496 INFO [Test worker] [ru.nsu.ccfit.haskov.calculator.StackCalculator.run(StackCalculator.java:70)] - ru.nsu.ccfit.haskov.operators.operations.Push was created.
2023-04-04 00:23:04.497 INFO [Test worker] [ru.nsu.ccfit.haskov.calculator.StackCalculator.run(StackCalculator.java:73)] - Setting inputData in ru.nsu.ccfit.haskov.operators.operations.Push
2023-04-04 00:23:04.497 INFO [Test worker] [ru.nsu.ccfit.haskov.calculator.StackCalculator.run(StackCalculator.java:76)] - ru.nsu.ccfit.haskov.operators.operations.Push ran successfully.
2023-04-04 00:23:04.497 INFO [Test worker] [ru.nsu.ccfit.haskov.calculator.StackCalculator.run(StackCalculator.java:67)] - Getting operator from file...
2023-04-04 00:23:04.498 INFO [Test worker] [ru.nsu.ccfit.haskov.calculator.StackCalculator.run(StackCalculator.java:70)] - ru.nsu.ccfit.haskov.operators.operations.Sqrt was created.
2023-04-04 00:23:04.498 INFO [Test worker] [ru.nsu.ccfit.haskov.calculator.StackCalculator.run(StackCalculator.java:73)] - Setting inputData in ru.nsu.ccfit.haskov.operators.operations.Sqrt
2023-04-04 00:23:04.499 INFO [Test worker] [ru.nsu.ccfit.haskov.calculator.StackCalculator.run(StackCalculator.java:76)] - ru.nsu.ccfit.haskov.operators.operations.Sqrt ran successfully.
2023-04-04 00:23:04.499 INFO [Test worker] [ru.nsu.ccfit.haskov.calculator.StackCalculator.run(StackCalculator.java:67)] - Getting operator from file...
2023-04-04 00:23:04.500 INFO [Test worker] [ru.nsu.ccfit.haskov.calculator.StackCalculator.run(StackCalculator.java:70)] - ru.nsu.ccfit.haskov.operators.operations.Print was created.
2023-04-04 00:23:04.500 INFO [Test worker] [ru.nsu.ccfit.haskov.calculator.StackCalculator.run(StackCalculator.java:73)] - Setting inputData in ru.nsu.ccfit.haskov.operators.operations.Print
2023-04-04 00:23:04.584 INFO [Test worker] [ru.nsu.ccfit.haskov.calculator.StackCalculator.run(StackCalculator.java:76)] - ru.nsu.ccfit.haskov.operators.operations.Print ran successfully.
2023-04-04 00:23:04.584 INFO [Test worker] [ru.nsu.ccfit.haskov.calculator.StackCalculator.run(StackCalculator.java:118)] - Function 'run' ran successfully.
2023-04-04 00:23:04.643 INFO [Test worker] [ru.nsu.ccfit.haskov.operators.operator.OperatorFactory.<init>(OperatorFactory.java:22)] - Loading resource file for Operator factory...
2023-04-04 00:23:04.643 INFO [Test worker] [ru.nsu.ccfit.haskov.operators.operator.OperatorFactory.<init>(OperatorFactory.java:28)] - Start adding operators...
2023-04-04 00:23:04.644 INFO [Test worker] [ru.nsu.ccfit.haskov.operators.operator.OperatorFactory.<init>(OperatorFactory.java:35)] - Class 'POP' added successfully.
2023-04-04 00:23:04.644 INFO [Test worker] [ru.nsu.ccfit.haskov.operators.operator.OperatorFactory.<init>(OperatorFactory.java:28)] - Start adding operators...
2023-04-04 00:23:04.644 INFO [Test worker] [ru.nsu.ccfit.haskov.operators.operator.OperatorFactory.<init>(OperatorFactory.java:35)] - Class 'PUSH' added successfully.
2023-04-04 00:23:04.645 INFO [Test worker] [ru.nsu.ccfit.haskov.operators.operator.OperatorFactory.<init>(OperatorFactory.java:28)] - Start adding operators...
2023-04-04 00:23:04.645 INFO [Test worker] [ru.nsu.ccfit.haskov.operators.operator.OperatorFactory.<init>(OperatorFactory.java:35)] - Class 'DEFINE' added successfully.
2023-04-04 00:23:04.645 INFO [Test worker] [ru.nsu.ccfit.haskov.operators.operator.OperatorFactory.<init>(OperatorFactory.java:28)] - Start adding operators...
2023-04-04 00:23:04.646 INFO [Test worker] [ru.nsu.ccfit.haskov.operators.operator.OperatorFactory.<init>(OperatorFactory.java:35)] - Class '+' added successfully.
2023-04-04 00:23:04.646 INFO [Test worker] [ru.nsu.ccfit.haskov.operators.operator.OperatorFactory.<init>(OperatorFactory.java:28)] - Start adding operators...
2023-04-04 00:23:04.646 INFO [Test worker] [ru.nsu.ccfit.haskov.operators.operator.OperatorFactory.<init>(OperatorFactory.java:35)] - Class '-' added successfully.
2023-04-04 00:23:04.646 INFO [Test worker] [ru.nsu.ccfit.haskov.operators.operator.OperatorFactory.<init>(OperatorFactory.java:28)] - Start adding operators...
2023-04-04 00:23:04.646 INFO [Test worker] [ru.nsu.ccfit.haskov.operators.operator.OperatorFactory.<init>(OperatorFactory.java:35)] - Class '*' added successfully.
2023-04-04 00:23:04.647 INFO [Test worker] [ru.nsu.ccfit.haskov.operators.operator.OperatorFactory.<init>(OperatorFactory.java:28)] - Start adding operators...
2023-04-04 00:23:04.647 INFO [Test worker] [ru.nsu.ccfit.haskov.operators.operator.OperatorFactory.<init>(OperatorFactory.java:35)] - Class '/' added successfully.
2023-04-04 00:23:04.647 INFO [Test worker] [ru.nsu.ccfit.haskov.operators.operator.OperatorFactory.<init>(OperatorFactory.java:28)] - Start adding operators...
2023-04-04 00:23:04.647 INFO [Test worker] [ru.nsu.ccfit.haskov.operators.operator.OperatorFactory.<init>(OperatorFactory.java:35)] - Class 'SQRT' added successfully.
2023-04-04 00:23:04.647 INFO [Test worker] [ru.nsu.ccfit.haskov.operators.operator.OperatorFactory.<init>(OperatorFactory.java:28)] - Start adding operators...
2023-04-04 00:23:04.648 INFO [Test worker] [ru.nsu.ccfit.haskov.operators.operator.OperatorFactory.<init>(OperatorFactory.java:35)] - Class 'PRINT' added successfully.
2023-04-04 00:23:04.648 INFO [Test worker] [ru.nsu.ccfit.haskov.operators.operator.OperatorFactory.<init>(OperatorFactory.java:28)] - Start adding operators...
2023-04-04 00:23:04.648 INFO [Test worker] [ru.nsu.ccfit.haskov.operators.operator.OperatorFactory.<init>(OperatorFactory.java:35)] - Class '#' added successfully.
2023-04-04 00:23:37.943 INFO [main] [ru.nsu.ccfit.haskov.operators.operator.OperatorFactory.<init>(OperatorFactory.java:22)] - Loading resource file for Operator factory...
2023-04-04 00:23:37.945 INFO [main] [ru.nsu.ccfit.haskov.operators.operator.OperatorFactory.<init>(OperatorFactory.java:28)] - Start adding operators...
2023-04-04 00:23:37.945 INFO [main] [ru.nsu.ccfit.haskov.operators.operator.OperatorFactory.<init>(OperatorFactory.java:35)] - Class 'POP' added successfully.
2023-04-04 00:23:37.945 INFO [main] [ru.nsu.ccfit.haskov.operators.operator.OperatorFactory.<init>(OperatorFactory.java:28)] - Start adding operators...
2023-04-04 00:23:37.946 INFO [main] [ru.nsu.ccfit.haskov.operators.operator.OperatorFactory.<init>(OperatorFactory.java:35)] - Class 'PUSH' added successfully.
2023-04-04 00:23:37.946 INFO [main] [ru.nsu.ccfit.haskov.operators.operator.OperatorFactory.<init>(OperatorFactory.java:28)] - Start adding operators...
2023-04-04 00:23:37.946 INFO [main] [ru.nsu.ccfit.haskov.operators.operator.OperatorFactory.<init>(OperatorFactory.java:35)] - Class 'DEFINE' added successfully.
2023-04-04 00:23:37.946 INFO [main] [ru.nsu.ccfit.haskov.operators.operator.OperatorFactory.<init>(OperatorFactory.java:28)] - Start adding operators...
2023-04-04 00:23:37.947 INFO [main] [ru.nsu.ccfit.haskov.operators.operator.OperatorFactory.<init>(OperatorFactory.java:35)] - Class '+' added successfully.
2023-04-04 00:23:37.947 INFO [main] [ru.nsu.ccfit.haskov.operators.operator.OperatorFactory.<init>(OperatorFactory.java:28)] - Start adding operators...
2023-04-04 00:23:37.947 INFO [main] [ru.nsu.ccfit.haskov.operators.operator.OperatorFactory.<init>(OperatorFactory.java:35)] - Class '-' added successfully.
2023-04-04 00:23:37.947 INFO [main] [ru.nsu.ccfit.haskov.operators.operator.OperatorFactory.<init>(OperatorFactory.java:28)] - Start adding operators...
2023-04-04 00:23:37.947 INFO [main] [ru.nsu.ccfit.haskov.operators.operator.OperatorFactory.<init>(OperatorFactory.java:35)] - Class '*' added successfully.
2023-04-04 00:23:37.948 INFO [main] [ru.nsu.ccfit.haskov.operators.operator.OperatorFactory.<init>(OperatorFactory.java:28)] - Start adding operators...
2023-04-04 00:23:37.948 INFO [main] [ru.nsu.ccfit.haskov.operators.operator.OperatorFactory.<init>(OperatorFactory.java:35)] - Class '/' added successfully.
2023-04-04 00:23:37.948 INFO [main] [ru.nsu.ccfit.haskov.operators.operator.OperatorFactory.<init>(OperatorFactory.java:28)] - Start adding operators...
2023-04-04 00:23:37.948 INFO [main] [ru.nsu.ccfit.haskov.operators.operator.OperatorFactory.<init>(OperatorFactory.java:35)] - Class 'SQRT' added successfully.
2023-04-04 00:23:37.949 INFO [main] [ru.nsu.ccfit.haskov.operators.operator.OperatorFactory.<init>(OperatorFactory.java:28)] - Start adding operators...
2023-04-04 00:23:37.949 INFO [main] [ru.nsu.ccfit.haskov.operators.operator.OperatorFactory.<init>(OperatorFactory.java:35)] - Class 'PRINT' added successfully.
2023-04-04 00:23:37.949 INFO [main] [ru.nsu.ccfit.haskov.operators.operator.OperatorFactory.<init>(OperatorFactory.java:28)] - Start adding operators...
2023-04-04 00:23:37.949 INFO [main] [ru.nsu.ccfit.haskov.operators.operator.OperatorFactory.<init>(OperatorFactory.java:35)] - Class '#' added successfully.
2023-04-04 00:23:37.949 INFO [main] [ru.nsu.ccfit.haskov.calculator.StackCalculator.<init>(StackCalculator.java:40)] - Initializing reader...
2023-04-04 00:23:37.950 INFO [main] [ru.nsu.ccfit.haskov.calculator.StackCalculator.<init>(StackCalculator.java:43)] - Initializing done.
2023-04-04 00:23:37.950 INFO [main] [ru.nsu.ccfit.haskov.calculator.StackCalculator.run(StackCalculator.java:53)] - Function 'run' was called.
2023-04-04 00:23:37.950 INFO [main] [ru.nsu.ccfit.haskov.calculator.StackCalculator.run(StackCalculator.java:67)] - Getting operator from file...
2023-04-04 00:23:37.950 INFO [main] [ru.nsu.ccfit.haskov.calculator.StackCalculator.run(StackCalculator.java:70)] - ru.nsu.ccfit.haskov.operators.operations.Comment was created.
2023-04-04 00:23:37.950 INFO [main] [ru.nsu.ccfit.haskov.calculator.StackCalculator.run(StackCalculator.java:73)] - Setting inputData in ru.nsu.ccfit.haskov.operators.operations.Comment
2023-04-04 00:23:37.951 INFO [main] [ru.nsu.ccfit.haskov.calculator.StackCalculator.run(StackCalculator.java:76)] - ru.nsu.ccfit.haskov.operators.operations.Comment ran successfully.
2023-04-04 00:23:37.951 INFO [main] [ru.nsu.ccfit.haskov.calculator.StackCalculator.run(StackCalculator.java:67)] - Getting operator from file...
2023-04-04 00:23:37.951 INFO [main] [ru.nsu.ccfit.haskov.calculator.StackCalculator.run(StackCalculator.java:70)] - ru.nsu.ccfit.haskov.operators.operations.Define was created.
2023-04-04 00:23:37.951 INFO [main] [ru.nsu.ccfit.haskov.calculator.StackCalculator.run(StackCalculator.java:73)] - Setting inputData in ru.nsu.ccfit.haskov.operators.operations.Define
2023-04-04 00:23:37.951 INFO [main] [ru.nsu.ccfit.haskov.calculator.StackCalculator.run(StackCalculator.java:76)] - ru.nsu.ccfit.haskov.operators.operations.Define ran successfully.
2023-04-04 00:23:37.951 INFO [main] [ru.nsu.ccfit.haskov.calculator.StackCalculator.run(StackCalculator.java:67)] - Getting operator from file...
2023-04-04 00:23:37.951 INFO [main] [ru.nsu.ccfit.haskov.calculator.StackCalculator.run(StackCalculator.java:70)] - ru.nsu.ccfit.haskov.operators.operations.Define was created.
2023-04-04 00:23:37.952 INFO [main] [ru.nsu.ccfit.haskov.calculator.StackCalculator.run(StackCalculator.java:73)] - Setting inputData in ru.nsu.ccfit.haskov.operators.operations.Define
2023-04-04 00:23:37.952 INFO [main] [ru.nsu.ccfit.haskov.calculator.StackCalculator.run(StackCalculator.java:76)] - ru.nsu.ccfit.haskov.operators.operations.Define ran successfully.
2023-04-04 00:23:37.952 INFO [main] [ru.nsu.ccfit.haskov.calculator.StackCalculator.run(StackCalculator.java:67)] - Getting operator from file...
2023-04-04 00:23:37.952 INFO [main] [ru.nsu.ccfit.haskov.calculator.StackCalculator.run(StackCalculator.java:70)] - ru.nsu.ccfit.haskov.operators.operations.Push was created.
2023-04-04 00:23:37.952 INFO [main] [ru.nsu.ccfit.haskov.calculator.StackCalculator.run(StackCalculator.java:73)] - Setting inputData in ru.nsu.ccfit.haskov.operators.operations.Push
2023-04-04 00:23:37.952 INFO [main] [ru.nsu.ccfit.haskov.calculator.StackCalculator.run(StackCalculator.java:76)] - ru.nsu.ccfit.haskov.operators.operations.Push ran successfully.
2023-04-04 00:23:37.952 INFO [main] [ru.nsu.ccfit.haskov.calculator.StackCalculator.run(StackCalculator.java:67)] - Getting operator from file...
2023-04-04 00:23:37.952 INFO [main] [ru.nsu.ccfit.haskov.calculator.StackCalculator.run(StackCalculator.java:70)] - ru.nsu.ccfit.haskov.operators.operations.Push was created.
2023-04-04 00:23:37.952 INFO [main] [ru.nsu.ccfit.haskov.calculator.StackCalculator.run(StackCalculator.java:73)] - Setting inputData in ru.nsu.ccfit.haskov.operators.operations.Push
2023-04-04 00:23:37.953 INFO [main] [ru.nsu.ccfit.haskov.calculator.StackCalculator.run(StackCalculator.java:76)] - ru.nsu.ccfit.haskov.operators.operations.Push ran successfully.
2023-04-04 00:23:37.953 INFO [main] [ru.nsu.ccfit.haskov.calculator.StackCalculator.run(StackCalculator.java:67)] - Getting operator from file...
2023-04-04 00:23:37.953 INFO [main] [ru.nsu.ccfit.haskov.calculator.StackCalculator.run(StackCalculator.java:70)] - ru.nsu.ccfit.haskov.operators.operations.Mul was created.
2023-04-04 00:23:37.953 INFO [main] [ru.nsu.ccfit.haskov.calculator.StackCalculator.run(StackCalculator.java:73)] - Setting inputData in ru.nsu.ccfit.haskov.operators.operations.Mul
2023-04-04 00:23:37.953 INFO [main] [ru.nsu.ccfit.haskov.calculator.StackCalculator.run(StackCalculator.java:76)] - ru.nsu.ccfit.haskov.operators.operations.Mul ran successfully.
2023-04-04 00:23:37.953 INFO [main] [ru.nsu.ccfit.haskov.calculator.StackCalculator.run(StackCalculator.java:67)] - Getting operator from file...
2023-04-04 00:23:37.953 INFO [main] [ru.nsu.ccfit.haskov.calculator.StackCalculator.run(StackCalculator.java:70)] - ru.nsu.ccfit.haskov.operators.operations.Print was created.
2023-04-04 00:23:37.953 INFO [main] [ru.nsu.ccfit.haskov.calculator.StackCalculator.run(StackCalculator.java:73)] - Setting inputData in ru.nsu.ccfit.haskov.operators.operations.Print
2023-04-04 00:23:37.954 INFO [main] [ru.nsu.ccfit.haskov.calculator.StackCalculator.run(StackCalculator.java:76)] - ru.nsu.ccfit.haskov.operators.operations.Print ran successfully.
2023-04-04 00:23:37.954 INFO [main] [ru.nsu.ccfit.haskov.calculator.StackCalculator.run(StackCalculator.java:118)] - Function 'run' ran successfully.
2023-04-04 00:23:48.904 INFO [main] [ru.nsu.ccfit.haskov.operators.operator.OperatorFactory.<init>(OperatorFactory.java:22)] - Loading resource file for Operator factory...
2023-04-04 00:23:48.906 INFO [main] [ru.nsu.ccfit.haskov.operators.operator.OperatorFactory.<init>(OperatorFactory.java:28)] - Start adding operators...
2023-04-04 00:23:48.906 INFO [main] [ru.nsu.ccfit.haskov.operators.operator.OperatorFactory.<init>(OperatorFactory.java:35)] - Class 'POP' added successfully.
2023-04-04 00:23:48.907 INFO [main] [ru.nsu.ccfit.haskov.operators.operator.OperatorFactory.<init>(OperatorFactory.java:28)] - Start adding operators...
2023-04-04 00:23:48.907 INFO [main] [ru.nsu.ccfit.haskov.operators.operator.OperatorFactory.<init>(OperatorFactory.java:35)] - Class 'PUSH' added successfully.
2023-04-04 00:23:48.907 INFO [main] [ru.nsu.ccfit.haskov.operators.operator.OperatorFactory.<init>(OperatorFactory.java:28)] - Start adding operators...
2023-04-04 00:23:48.907 INFO [main] [ru.nsu.ccfit.haskov.operators.operator.OperatorFactory.<init>(OperatorFactory.java:35)] - Class 'DEFINE' added successfully.
2023-04-04 00:23:48.908 INFO [main] [ru.nsu.ccfit.haskov.operators.operator.OperatorFactory.<init>(OperatorFactory.java:28)] - Start adding operators...
2023-04-04 00:23:48.908 INFO [main] [ru.nsu.ccfit.haskov.operators.operator.OperatorFactory.<init>(OperatorFactory.java:35)] - Class '+' added successfully.
2023-04-04 00:23:48.908 INFO [main] [ru.nsu.ccfit.haskov.operators.operator.OperatorFactory.<init>(OperatorFactory.java:28)] - Start adding operators...
2023-04-04 00:23:48.908 INFO [main] [ru.nsu.ccfit.haskov.operators.operator.OperatorFactory.<init>(OperatorFactory.java:35)] - Class '-' added successfully.
2023-04-04 00:23:48.908 INFO [main] [ru.nsu.ccfit.haskov.operators.operator.OperatorFactory.<init>(OperatorFactory.java:28)] - Start adding operators...
2023-04-04 00:23:48.909 INFO [main] [ru.nsu.ccfit.haskov.operators.operator.OperatorFactory.<init>(OperatorFactory.java:35)] - Class '*' added successfully.
2023-04-04 00:23:48.909 INFO [main] [ru.nsu.ccfit.haskov.operators.operator.OperatorFactory.<init>(OperatorFactory.java:28)] - Start adding operators...
2023-04-04 00:23:48.909 INFO [main] [ru.nsu.ccfit.haskov.operators.operator.OperatorFactory.<init>(OperatorFactory.java:35)] - Class '/' added successfully.
2023-04-04 00:23:48.909 INFO [main] [ru.nsu.ccfit.haskov.operators.operator.OperatorFactory.<init>(OperatorFactory.java:28)] - Start adding operators...
2023-04-04 00:23:48.910 INFO [main] [ru.nsu.ccfit.haskov.operators.operator.OperatorFactory.<init>(OperatorFactory.java:35)] - Class 'SQRT' added successfully.
2023-04-04 00:23:48.910 INFO [main] [ru.nsu.ccfit.haskov.operators.operator.OperatorFactory.<init>(OperatorFactory.java:28)] - Start adding operators...
2023-04-04 00:23:48.910 INFO [main] [ru.nsu.ccfit.haskov.operators.operator.OperatorFactory.<init>(OperatorFactory.java:35)] - Class 'PRINT' added successfully.
2023-04-04 00:23:48.910 INFO [main] [ru.nsu.ccfit.haskov.operators.operator.OperatorFactory.<init>(OperatorFactory.java:28)] - Start adding operators...
2023-04-04 00:23:48.910 INFO [main] [ru.nsu.ccfit.haskov.operators.operator.OperatorFactory.<init>(OperatorFactory.java:35)] - Class '#' added successfully.
2023-04-04 00:23:48.911 INFO [main] [ru.nsu.ccfit.haskov.calculator.StackCalculator.<init>(StackCalculator.java:40)] - Initializing reader...
2023-04-04 00:23:48.911 INFO [main] [ru.nsu.ccfit.haskov.calculator.StackCalculator.<init>(StackCalculator.java:43)] - Initializing done.
2023-04-04 00:23:48.911 INFO [main] [ru.nsu.ccfit.haskov.calculator.StackCalculator.run(StackCalculator.java:53)] - Function 'run' was called.
2023-04-04 00:23:48.911 INFO [main] [ru.nsu.ccfit.haskov.calculator.StackCalculator.run(StackCalculator.java:67)] - Getting operator from file...
2023-04-04 00:23:48.911 INFO [main] [ru.nsu.ccfit.haskov.calculator.StackCalculator.run(StackCalculator.java:70)] - ru.nsu.ccfit.haskov.operators.operations.Comment was created.
2023-04-04 00:23:48.912 INFO [main] [ru.nsu.ccfit.haskov.calculator.StackCalculator.run(StackCalculator.java:73)] - Setting inputData in ru.nsu.ccfit.haskov.operators.operations.Comment
2023-04-04 00:23:48.912 INFO [main] [ru.nsu.ccfit.haskov.calculator.StackCalculator.run(StackCalculator.java:76)] - ru.nsu.ccfit.haskov.operators.operations.Comment ran successfully.
2023-04-04 00:23:48.912 INFO [main] [ru.nsu.ccfit.haskov.calculator.StackCalculator.run(StackCalculator.java:67)] - Getting operator from file...
2023-04-04 00:23:48.912 INFO [main] [ru.nsu.ccfit.haskov.calculator.StackCalculator.run(StackCalculator.java:70)] - ru.nsu.ccfit.haskov.operators.operations.Define was created.
2023-04-04 00:23:48.912 INFO [main] [ru.nsu.ccfit.haskov.calculator.StackCalculator.run(StackCalculator.java:73)] - Setting inputData in ru.nsu.ccfit.haskov.operators.operations.Define
2023-04-04 00:23:48.912 INFO [main] [ru.nsu.ccfit.haskov.calculator.StackCalculator.run(StackCalculator.java:76)] - ru.nsu.ccfit.haskov.operators.operations.Define ran successfully.
2023-04-04 00:23:48.913 INFO [main] [ru.nsu.ccfit.haskov.calculator.StackCalculator.run(StackCalculator.java:67)] - Getting operator from file...
2023-04-04 00:23:48.913 INFO [main] [ru.nsu.ccfit.haskov.calculator.StackCalculator.run(StackCalculator.java:70)] - ru.nsu.ccfit.haskov.operators.operations.Define was created.
2023-04-04 00:23:48.913 INFO [main] [ru.nsu.ccfit.haskov.calculator.StackCalculator.run(StackCalculator.java:73)] - Setting inputData in ru.nsu.ccfit.haskov.operators.operations.Define
2023-04-04 00:23:48.913 INFO [main] [ru.nsu.ccfit.haskov.calculator.StackCalculator.run(StackCalculator.java:76)] - ru.nsu.ccfit.haskov.operators.operations.Define ran successfully.
2023-04-04 00:23:48.913 INFO [main] [ru.nsu.ccfit.haskov.calculator.StackCalculator.run(StackCalculator.java:67)] - Getting operator from file...
2023-04-04 00:23:48.913 INFO [main] [ru.nsu.ccfit.haskov.calculator.StackCalculator.run(StackCalculator.java:70)] - ru.nsu.ccfit.haskov.operators.operations.Push was created.
2023-04-04 00:23:48.913 INFO [main] [ru.nsu.ccfit.haskov.calculator.StackCalculator.run(StackCalculator.java:73)] - Setting inputData in ru.nsu.ccfit.haskov.operators.operations.Push
2023-04-04 00:23:48.913 INFO [main] [ru.nsu.ccfit.haskov.calculator.StackCalculator.run(StackCalculator.java:76)] - ru.nsu.ccfit.haskov.operators.operations.Push ran successfully.
2023-04-04 00:23:48.914 INFO [main] [ru.nsu.ccfit.haskov.calculator.StackCalculator.run(StackCalculator.java:67)] - Getting operator from file...
2023-04-04 00:23:48.914 INFO [main] [ru.nsu.ccfit.haskov.calculator.StackCalculator.run(StackCalculator.java:70)] - ru.nsu.ccfit.haskov.operators.operations.Push was created.
2023-04-04 00:23:48.914 INFO [main] [ru.nsu.ccfit.haskov.calculator.StackCalculator.run(StackCalculator.java:73)] - Setting inputData in ru.nsu.ccfit.haskov.operators.operations.Push
2023-04-04 00:23:48.914 INFO [main] [ru.nsu.ccfit.haskov.calculator.StackCalculator.run(StackCalculator.java:76)] - ru.nsu.ccfit.haskov.operators.operations.Push ran successfully.
2023-04-04 00:23:48.914 INFO [main] [ru.nsu.ccfit.haskov.calculator.StackCalculator.run(StackCalculator.java:67)] - Getting operator from file...
2023-04-04 00:23:48.914 INFO [main] [ru.nsu.ccfit.haskov.calculator.StackCalculator.run(StackCalculator.java:70)] - ru.nsu.ccfit.haskov.operators.operations.Mul was created.
2023-04-04 00:23:48.914 INFO [main] [ru.nsu.ccfit.haskov.calculator.StackCalculator.run(StackCalculator.java:73)] - Setting inputData in ru.nsu.ccfit.haskov.operators.operations.Mul
2023-04-04 00:23:48.914 INFO [main] [ru.nsu.ccfit.haskov.calculator.StackCalculator.run(StackCalculator.java:76)] - ru.nsu.ccfit.haskov.operators.operations.Mul ran successfully.
2023-04-04 00:23:48.914 INFO [main] [ru.nsu.ccfit.haskov.calculator.StackCalculator.run(StackCalculator.java:67)] - Getting operator from file...
2023-04-04 00:23:48.914 INFO [main] [ru.nsu.ccfit.haskov.calculator.StackCalculator.run(StackCalculator.java:70)] - ru.nsu.ccfit.haskov.operators.operations.Print was created.
2023-04-04 00:23:48.914 INFO [main] [ru.nsu.ccfit.haskov.calculator.StackCalculator.run(StackCalculator.java:73)] - Setting inputData in ru.nsu.ccfit.haskov.operators.operations.Print
2023-04-04 00:23:48.915 INFO [main] [ru.nsu.ccfit.haskov.calculator.StackCalculator.run(StackCalculator.java:76)] - ru.nsu.ccfit.haskov.operators.operations.Print ran successfully.
2023-04-04 00:23:48.915 INFO [main] [ru.nsu.ccfit.haskov.calculator.StackCalculator.run(StackCalculator.java:118)] - Function 'run' ran successfully.
