2023-04-08 00:01:57.253 INFO [main] [ru.nsu.ccfit.haskov.operators.operator.OperatorFactory.<init>(OperatorFactory.java:22)] - Loading resource file for Operator factory...
2023-04-08 00:01:57.261 INFO [main] [ru.nsu.ccfit.haskov.operators.operator.OperatorFactory.<init>(OperatorFactory.java:28)] - Start adding operators...
2023-04-08 00:01:57.262 INFO [main] [ru.nsu.ccfit.haskov.operators.operator.OperatorFactory.<init>(OperatorFactory.java:35)] - Class 'PUSH' added successfully.
2023-04-08 00:01:57.263 INFO [main] [ru.nsu.ccfit.haskov.operators.operator.OperatorFactory.<init>(OperatorFactory.java:28)] - Start adding operators...
2023-04-08 00:01:57.263 INFO [main] [ru.nsu.ccfit.haskov.operators.operator.OperatorFactory.<init>(OperatorFactory.java:35)] - Class 'POP' added successfully.
2023-04-08 00:01:57.264 INFO [main] [ru.nsu.ccfit.haskov.operators.operator.OperatorFactory.<init>(OperatorFactory.java:28)] - Start adding operators...
2023-04-08 00:01:57.264 INFO [main] [ru.nsu.ccfit.haskov.operators.operator.OperatorFactory.<init>(OperatorFactory.java:35)] - Class 'DEFINE' added successfully.
2023-04-08 00:01:57.264 INFO [main] [ru.nsu.ccfit.haskov.operators.operator.OperatorFactory.<init>(OperatorFactory.java:28)] - Start adding operators...
2023-04-08 00:01:57.265 INFO [main] [ru.nsu.ccfit.haskov.operators.operator.OperatorFactory.<init>(OperatorFactory.java:35)] - Class '+' added successfully.
2023-04-08 00:01:57.265 INFO [main] [ru.nsu.ccfit.haskov.operators.operator.OperatorFactory.<init>(OperatorFactory.java:28)] - Start adding operators...
2023-04-08 00:01:57.265 INFO [main] [ru.nsu.ccfit.haskov.operators.operator.OperatorFactory.<init>(OperatorFactory.java:35)] - Class '-' added successfully.
2023-04-08 00:01:57.265 INFO [main] [ru.nsu.ccfit.haskov.operators.operator.OperatorFactory.<init>(OperatorFactory.java:28)] - Start adding operators...
2023-04-08 00:01:57.266 INFO [main] [ru.nsu.ccfit.haskov.operators.operator.OperatorFactory.<init>(OperatorFactory.java:35)] - Class '*' added successfully.
2023-04-08 00:01:57.266 INFO [main] [ru.nsu.ccfit.haskov.operators.operator.OperatorFactory.<init>(OperatorFactory.java:28)] - Start adding operators...
2023-04-08 00:01:57.266 INFO [main] [ru.nsu.ccfit.haskov.operators.operator.OperatorFactory.<init>(OperatorFactory.java:35)] - Class '/' added successfully.
2023-04-08 00:01:57.266 INFO [main] [ru.nsu.ccfit.haskov.operators.operator.OperatorFactory.<init>(OperatorFactory.java:28)] - Start adding operators...
2023-04-08 00:01:57.267 INFO [main] [ru.nsu.ccfit.haskov.operators.operator.OperatorFactory.<init>(OperatorFactory.java:35)] - Class 'SQRT' added successfully.
2023-04-08 00:01:57.267 INFO [main] [ru.nsu.ccfit.haskov.operators.operator.OperatorFactory.<init>(OperatorFactory.java:28)] - Start adding operators...
2023-04-08 00:01:57.267 INFO [main] [ru.nsu.ccfit.haskov.operators.operator.OperatorFactory.<init>(OperatorFactory.java:35)] - Class 'COMMENT' added successfully.
2023-04-08 00:01:57.267 INFO [main] [ru.nsu.ccfit.haskov.operators.operator.OperatorFactory.<init>(OperatorFactory.java:28)] - Start adding operators...
2023-04-08 00:01:57.268 INFO [main] [ru.nsu.ccfit.haskov.operators.operator.OperatorFactory.<init>(OperatorFactory.java:35)] - Class 'PRINT' added successfully.
2023-04-08 00:01:57.268 INFO [main] [ru.nsu.ccfit.haskov.calculator.StackCalculator.<init>(StackCalculator.java:38)] - Initializing reader...
2023-04-08 00:01:57.268 INFO [main] [ru.nsu.ccfit.haskov.calculator.StackCalculator.<init>(StackCalculator.java:41)] - Initializing done.
2023-04-08 00:01:57.268 INFO [main] [ru.nsu.ccfit.haskov.calculator.StackCalculator.run(StackCalculator.java:51)] - Function 'run' was called.
2023-04-08 00:01:57.269 INFO [main] [ru.nsu.ccfit.haskov.calculator.StackCalculator.run(StackCalculator.java:65)] - Getting operator from file...
2023-04-08 00:01:57.269 INFO [main] [ru.nsu.ccfit.haskov.calculator.StackCalculator.run(StackCalculator.java:68)] - ru.nsu.ccfit.haskov.operators.operations.Define was created.
2023-04-08 00:01:57.269 INFO [main] [ru.nsu.ccfit.haskov.calculator.StackCalculator.run(StackCalculator.java:71)] - Setting inputData in ru.nsu.ccfit.haskov.operators.operations.Define
2023-04-08 00:01:57.270 INFO [main] [ru.nsu.ccfit.haskov.calculator.StackCalculator.run(StackCalculator.java:74)] - ru.nsu.ccfit.haskov.operators.operations.Define ran successfully.
2023-04-08 00:01:57.270 INFO [main] [ru.nsu.ccfit.haskov.calculator.StackCalculator.run(StackCalculator.java:65)] - Getting operator from file...
2023-04-08 00:01:57.270 INFO [main] [ru.nsu.ccfit.haskov.calculator.StackCalculator.run(StackCalculator.java:68)] - ru.nsu.ccfit.haskov.operators.operations.Define was created.
2023-04-08 00:01:57.270 INFO [main] [ru.nsu.ccfit.haskov.calculator.StackCalculator.run(StackCalculator.java:71)] - Setting inputData in ru.nsu.ccfit.haskov.operators.operations.Define
2023-04-08 00:01:57.270 INFO [main] [ru.nsu.ccfit.haskov.calculator.StackCalculator.run(StackCalculator.java:74)] - ru.nsu.ccfit.haskov.operators.operations.Define ran successfully.
2023-04-08 00:01:57.270 INFO [main] [ru.nsu.ccfit.haskov.calculator.StackCalculator.run(StackCalculator.java:65)] - Getting operator from file...
2023-04-08 00:01:57.270 INFO [main] [ru.nsu.ccfit.haskov.calculator.StackCalculator.run(StackCalculator.java:68)] - ru.nsu.ccfit.haskov.operators.operations.Push was created.
2023-04-08 00:01:57.271 INFO [main] [ru.nsu.ccfit.haskov.calculator.StackCalculator.run(StackCalculator.java:71)] - Setting inputData in ru.nsu.ccfit.haskov.operators.operations.Push
2023-04-08 00:01:57.271 INFO [main] [ru.nsu.ccfit.haskov.calculator.StackCalculator.run(StackCalculator.java:74)] - ru.nsu.ccfit.haskov.operators.operations.Push ran successfully.
2023-04-08 00:01:57.271 INFO [main] [ru.nsu.ccfit.haskov.calculator.StackCalculator.run(StackCalculator.java:65)] - Getting operator from file...
2023-04-08 00:01:57.271 INFO [main] [ru.nsu.ccfit.haskov.calculator.StackCalculator.run(StackCalculator.java:68)] - ru.nsu.ccfit.haskov.operators.operations.Push was created.
2023-04-08 00:01:57.271 INFO [main] [ru.nsu.ccfit.haskov.calculator.StackCalculator.run(StackCalculator.java:71)] - Setting inputData in ru.nsu.ccfit.haskov.operators.operations.Push
2023-04-08 00:01:57.271 INFO [main] [ru.nsu.ccfit.haskov.calculator.StackCalculator.run(StackCalculator.java:74)] - ru.nsu.ccfit.haskov.operators.operations.Push ran successfully.
2023-04-08 00:01:57.271 INFO [main] [ru.nsu.ccfit.haskov.calculator.StackCalculator.run(StackCalculator.java:65)] - Getting operator from file...
2023-04-08 00:01:57.272 INFO [main] [ru.nsu.ccfit.haskov.calculator.StackCalculator.run(StackCalculator.java:68)] - ru.nsu.ccfit.haskov.operators.operations.Mul was created.
2023-04-08 00:01:57.272 INFO [main] [ru.nsu.ccfit.haskov.calculator.StackCalculator.run(StackCalculator.java:71)] - Setting inputData in ru.nsu.ccfit.haskov.operators.operations.Mul
2023-04-08 00:01:57.272 INFO [main] [ru.nsu.ccfit.haskov.calculator.StackCalculator.run(StackCalculator.java:74)] - ru.nsu.ccfit.haskov.operators.operations.Mul ran successfully.
2023-04-08 00:01:57.272 INFO [main] [ru.nsu.ccfit.haskov.calculator.StackCalculator.run(StackCalculator.java:65)] - Getting operator from file...
2023-04-08 00:01:57.272 INFO [main] [ru.nsu.ccfit.haskov.calculator.StackCalculator.run(StackCalculator.java:68)] - ru.nsu.ccfit.haskov.operators.operations.Print was created.
2023-04-08 00:01:57.272 INFO [main] [ru.nsu.ccfit.haskov.calculator.StackCalculator.run(StackCalculator.java:71)] - Setting inputData in ru.nsu.ccfit.haskov.operators.operations.Print
2023-04-08 00:01:57.273 INFO [main] [ru.nsu.ccfit.haskov.calculator.StackCalculator.run(StackCalculator.java:74)] - ru.nsu.ccfit.haskov.operators.operations.Print ran successfully.
2023-04-08 00:01:57.273 INFO [main] [ru.nsu.ccfit.haskov.calculator.StackCalculator.run(StackCalculator.java:116)] - Function 'run' ran successfully.
